<?xml version="1.0" encoding="UTF-8"?>
<!-- Generated by org.testng.reporters.JUnitXMLReporter -->
<testsuite hostname="WIN-MPNKU54F1BB" name="Default test" tests="6" failures="0" timestamp="17 Jul 2017 11:49:40 GMT" time="76.918" errors="0">
  <testcase name="case1" time="7.156" classname="com.qihoo.browser.test.main.TrafficCompare"/>
  <testcase name="case2" time="6.361" classname="com.qihoo.browser.test.main.TrafficCompare"/>
  <testcase name="case3" time="7.624" classname="com.qihoo.browser.test.main.TrafficCompare"/>
  <testcase name="case4" time="16.403" classname="com.qihoo.browser.test.main.TrafficCompare"/>
  <testcase name="case5" time="8.831" classname="com.qihoo.browser.test.main.TrafficCompare"/>
  <testcase name="case6" time="9.147" classname="com.qihoo.browser.test.main.TrafficCompare"/>
</testsuite> <!-- Default test -->
