<?xml version="1.0" encoding="UTF-8"?>
<!-- Generated by org.testng.reporters.JUnitXMLReporter -->
<testsuite hostname="WIN-MPNKU54F1BB" name="Default test" tests="3" failures="0" timestamp="17 Jul 2017 09:31:44 GMT" time="946.875" errors="0">
  <testcase name="case4" time="312.37" classname="com.qihoo.browser.test.main.NewTest1"/>
  <testcase name="case5" time="305.367" classname="com.qihoo.browser.test.main.NewTest1"/>
  <testcase name="case6" time="307.552" classname="com.qihoo.browser.test.main.NewTest1"/>
</testsuite> <!-- Default test -->
