<?xml version="1.0" encoding="UTF-8"?>
<!-- Generated by org.testng.reporters.JUnitXMLReporter -->
<testsuite hostname="WIN-MPNKU54F1BB" name="Test" tests="1" failures="1" timestamp="6 Apr 2017 09:39:24 GMT" time="19.817" errors="0">
  <testcase name="case1" time="0.209" classname="com.qihoo.browser.test.yuxuguang.NewTest">
    <failure type="org.openqa.selenium.InvalidSelectorException" message="Argument was an invalid selector (e.g. XPath/CSS). (WARNING: The server did not provide any stacktrace information)
Command duration or timeout: 200 milliseconds
For documentation on this error, please visit: http://seleniumhq.org/exceptions/invalid_selector_exception.html
Build info: version: &amp;apos;2.53.1&amp;apos;, revision: &amp;apos;a36b8b1cd5757287168e54b817830adce9b0158d&amp;apos;, time: &amp;apos;2016-06-30 19:26:09&amp;apos;
System info: host: &amp;apos;WIN-MPNKU54F1BB&amp;apos;, ip: &amp;apos;10.19.3.10&amp;apos;, os.name: &amp;apos;Windows 10&amp;apos;, os.arch: &amp;apos;amd64&amp;apos;, os.version: &amp;apos;10.0&amp;apos;, java.version: &amp;apos;1.8.0_121&amp;apos;
Driver info: io.appium.java_client.android.AndroidDriver
Capabilities [{appPackage=com.qihoo.browser, noReset=true, deviceName=ZX1G224C8R, ignoreUnimportantViews=true, platform=LINUX, deviceUDID=ZX1G224C8R, desired={appPackage=com.qihoo.browser, appActivity=.activity.SplashActivity, noReset=true, noSign=true, autoLaunch=false, newCommandTimeout=60000, platformVersion=6.0.1, unicodeKeyboard=true, platformName=Android, deviceName=AppiumTestDevice, ignoreUnimportantViews=true, resetKeyboard=true}, newCommandTimeout=60000, platformVersion=6.0.1, webStorageEnabled=false, takesScreenshot=true, javascriptEnabled=true, unicodeKeyboard=true, platformName=Android, deviceManufacturer=motorola, resetKeyboard=true, deviceScreenSize=1440x2560, networkConnectionEnabled=true, noSign=true, warnings={}, databaseEnabled=false, appActivity=.activity.SplashActivity, autoLaunch=false, locationContextEnabled=false, deviceModel=Nexus 6}]
Session ID: 9cd2fe98-0db5-4ebb-9688-2598630de448
*** Element info: {Using=xpath, value=//android.widget.TextView[contains(@text=sogou)]}">
      <![CDATA[org.openqa.selenium.InvalidSelectorException: Argument was an invalid selector (e.g. XPath/CSS). (WARNING: The server did not provide any stacktrace information)
Command duration or timeout: 200 milliseconds
For documentation on this error, please visit: http://seleniumhq.org/exceptions/invalid_selector_exception.html
Build info: version: '2.53.1', revision: 'a36b8b1cd5757287168e54b817830adce9b0158d', time: '2016-06-30 19:26:09'
System info: host: 'WIN-MPNKU54F1BB', ip: '10.19.3.10', os.name: 'Windows 10', os.arch: 'amd64', os.version: '10.0', java.version: '1.8.0_121'
Driver info: io.appium.java_client.android.AndroidDriver
Capabilities [{appPackage=com.qihoo.browser, noReset=true, deviceName=ZX1G224C8R, ignoreUnimportantViews=true, platform=LINUX, deviceUDID=ZX1G224C8R, desired={appPackage=com.qihoo.browser, appActivity=.activity.SplashActivity, noReset=true, noSign=true, autoLaunch=false, newCommandTimeout=60000, platformVersion=6.0.1, unicodeKeyboard=true, platformName=Android, deviceName=AppiumTestDevice, ignoreUnimportantViews=true, resetKeyboard=true}, newCommandTimeout=60000, platformVersion=6.0.1, webStorageEnabled=false, takesScreenshot=true, javascriptEnabled=true, unicodeKeyboard=true, platformName=Android, deviceManufacturer=motorola, resetKeyboard=true, deviceScreenSize=1440x2560, networkConnectionEnabled=true, noSign=true, warnings={}, databaseEnabled=false, appActivity=.activity.SplashActivity, autoLaunch=false, locationContextEnabled=false, deviceModel=Nexus 6}]
Session ID: 9cd2fe98-0db5-4ebb-9688-2598630de448
*** Element info: {Using=xpath, value=//android.widget.TextView[contains(@text=sogou)]}
	at org.openqa.selenium.remote.ErrorHandler.createThrowable(ErrorHandler.java:206)
	at org.openqa.selenium.remote.ErrorHandler.throwIfResponseFailed(ErrorHandler.java:158)
	at org.openqa.selenium.remote.RemoteWebDriver.execute(RemoteWebDriver.java:678)
	at io.appium.java_client.DefaultGenericMobileDriver.execute(DefaultGenericMobileDriver.java:40)
	at io.appium.java_client.AppiumDriver.execute(AppiumDriver.java:1)
	at io.appium.java_client.android.AndroidDriver.execute(AndroidDriver.java:1)
	at org.openqa.selenium.remote.RemoteWebDriver.findElement(RemoteWebDriver.java:363)
	at io.appium.java_client.DefaultGenericMobileDriver.findElement(DefaultGenericMobileDriver.java:56)
	at io.appium.java_client.AppiumDriver.findElement(AppiumDriver.java:1)
	at io.appium.java_client.android.AndroidDriver.findElement(AndroidDriver.java:1)
	at org.openqa.selenium.remote.RemoteWebDriver.findElementByXPath(RemoteWebDriver.java:500)
	at io.appium.java_client.DefaultGenericMobileDriver.findElementByXPath(DefaultGenericMobileDriver.java:134)
	at io.appium.java_client.AppiumDriver.findElementByXPath(AppiumDriver.java:1)
	at io.appium.java_client.android.AndroidDriver.findElementByXPath(AndroidDriver.java:1)
	at com.qihoo.browser.test.yuxuguang.NewTest.case1(NewTest.java:35)
... Removed 28 stack frames]]>
    </failure>
  </testcase> <!-- case1 -->
</testsuite> <!-- Test -->
