<?xml version="1.0" encoding="UTF-8"?>
<testng-results skipped="8" failed="0" total="8" passed="0">
  <reporter-output>
  </reporter-output>
  <suite name="Default suite" duration-ms="533" started-at="2017-07-13T12:33:54Z" finished-at="2017-07-13T12:33:54Z">
    <groups>
    </groups>
    <test name="Default test" duration-ms="533" started-at="2017-07-13T12:33:54Z" finished-at="2017-07-13T12:33:54Z">
      <class name="com.qihoo.browser.test.main.PerformanceTest">
        <test-method status="FAIL" signature="beforeClass()[pri:0, instance:com.qihoo.browser.test.main.PerformanceTest@57829d67]" name="beforeClass" is-config="true" duration-ms="0" started-at="2017-07-13T20:33:54Z" finished-at="2017-07-13T20:33:54Z">
          <exception class="org.openqa.selenium.SessionNotCreatedException">
            <message>
              <![CDATA[A new session could not be created. Details: Problem getting session data for driver type AndroidDriver; does it implement 'get driverData'? (WARNING: The server did not provide any stacktrace information)
Command duration or timeout: 129 milliseconds
Build info: version: '2.53.1', revision: 'a36b8b1cd5757287168e54b817830adce9b0158d', time: '2016-06-30 19:26:09'
System info: host: 'WIN-MPNKU54F1BB', ip: '10.19.3.10', os.name: 'Windows 10', os.arch: 'amd64', os.version: '10.0', java.version: '1.8.0_121'
Driver info: io.appium.java_client.android.AndroidDriver]]>
            </message>
            <full-stacktrace>
              <![CDATA[org.openqa.selenium.SessionNotCreatedException: A new session could not be created. Details: Problem getting session data for driver type AndroidDriver; does it implement 'get driverData'? (WARNING: The server did not provide any stacktrace information)
Command duration or timeout: 129 milliseconds
Build info: version: '2.53.1', revision: 'a36b8b1cd5757287168e54b817830adce9b0158d', time: '2016-06-30 19:26:09'
System info: host: 'WIN-MPNKU54F1BB', ip: '10.19.3.10', os.name: 'Windows 10', os.arch: 'amd64', os.version: '10.0', java.version: '1.8.0_121'
Driver info: io.appium.java_client.android.AndroidDriver
	at sun.reflect.NativeConstructorAccessorImpl.newInstance0(Native Method)
	at sun.reflect.NativeConstructorAccessorImpl.newInstance(Unknown Source)
	at sun.reflect.DelegatingConstructorAccessorImpl.newInstance(Unknown Source)
	at java.lang.reflect.Constructor.newInstance(Unknown Source)
	at org.openqa.selenium.remote.ErrorHandler.createThrowable(ErrorHandler.java:206)
	at org.openqa.selenium.remote.ErrorHandler.throwIfResponseFailed(ErrorHandler.java:158)
	at org.openqa.selenium.remote.RemoteWebDriver.execute(RemoteWebDriver.java:678)
	at io.appium.java_client.DefaultGenericMobileDriver.execute(DefaultGenericMobileDriver.java:40)
	at io.appium.java_client.AppiumDriver.execute(AppiumDriver.java:1)
	at io.appium.java_client.android.AndroidDriver.execute(AndroidDriver.java:1)
	at org.openqa.selenium.remote.RemoteWebDriver.startSession(RemoteWebDriver.java:249)
	at org.openqa.selenium.remote.RemoteWebDriver.<init>(RemoteWebDriver.java:131)
	at org.openqa.selenium.remote.RemoteWebDriver.<init>(RemoteWebDriver.java:144)
	at io.appium.java_client.DefaultGenericMobileDriver.<init>(DefaultGenericMobileDriver.java:36)
	at io.appium.java_client.AppiumDriver.<init>(AppiumDriver.java:114)
	at io.appium.java_client.AppiumDriver.<init>(AppiumDriver.java:132)
	at io.appium.java_client.android.AndroidDriver.<init>(AndroidDriver.java:92)
	at com.qihoo.browser.test.main.PerformanceTest.beforeClass(PerformanceTest.java:292)
	at sun.reflect.NativeMethodAccessorImpl.invoke0(Native Method)
	at sun.reflect.NativeMethodAccessorImpl.invoke(Unknown Source)
	at sun.reflect.DelegatingMethodAccessorImpl.invoke(Unknown Source)
	at java.lang.reflect.Method.invoke(Unknown Source)
	at org.testng.internal.MethodInvocationHelper.invokeMethod(MethodInvocationHelper.java:85)
	at org.testng.internal.Invoker.invokeConfigurationMethod(Invoker.java:510)
	at org.testng.internal.Invoker.invokeConfigurations(Invoker.java:211)
	at org.testng.internal.Invoker.invokeConfigurations(Invoker.java:138)
	at org.testng.internal.TestMethodWorker.invokeBeforeClassMethods(TestMethodWorker.java:170)
	at org.testng.internal.TestMethodWorker.run(TestMethodWorker.java:104)
	at org.testng.TestRunner.privateRun(TestRunner.java:774)
	at org.testng.TestRunner.run(TestRunner.java:624)
	at org.testng.SuiteRunner.runTest(SuiteRunner.java:359)
	at org.testng.SuiteRunner.runSequentially(SuiteRunner.java:354)
	at org.testng.SuiteRunner.privateRun(SuiteRunner.java:312)
	at org.testng.SuiteRunner.run(SuiteRunner.java:261)
	at org.testng.SuiteRunnerWorker.runSuite(SuiteRunnerWorker.java:52)
	at org.testng.SuiteRunnerWorker.run(SuiteRunnerWorker.java:86)
	at org.testng.TestNG.runSuitesSequentially(TestNG.java:1191)
	at org.testng.TestNG.runSuitesLocally(TestNG.java:1116)
	at org.testng.TestNG.run(TestNG.java:1024)
	at org.testng.remote.RemoteTestNG.run(RemoteTestNG.java:112)
	at org.testng.remote.RemoteTestNG.initAndRun(RemoteTestNG.java:205)
	at org.testng.remote.RemoteTestNG.main(RemoteTestNG.java:176)
]]>
            </full-stacktrace>
          </exception> <!-- org.openqa.selenium.SessionNotCreatedException -->
          <reporter-output>
          </reporter-output>
        </test-method> <!-- beforeClass -->
        <test-method status="SKIP" signature="beforeMethod()[pri:0, instance:com.qihoo.browser.test.main.PerformanceTest@57829d67]" name="beforeMethod" is-config="true" duration-ms="0" started-at="2017-07-13T20:33:54Z" finished-at="2017-07-13T20:33:54Z">
          <reporter-output>
          </reporter-output>
        </test-method> <!-- beforeMethod -->
        <test-method status="SKIP" signature="case1()[pri:0, instance:com.qihoo.browser.test.main.PerformanceTest@57829d67]" name="case1" duration-ms="1" started-at="2017-07-13T20:33:54Z" finished-at="2017-07-13T20:33:54Z">
          <reporter-output>
          </reporter-output>
        </test-method> <!-- case1 -->
        <test-method status="SKIP" signature="afterMethod()[pri:0, instance:com.qihoo.browser.test.main.PerformanceTest@57829d67]" name="afterMethod" is-config="true" duration-ms="0" started-at="2017-07-13T20:33:54Z" finished-at="2017-07-13T20:33:54Z">
          <reporter-output>
          </reporter-output>
        </test-method> <!-- afterMethod -->
        <test-method status="SKIP" signature="case2()[pri:0, instance:com.qihoo.browser.test.main.PerformanceTest@57829d67]" name="case2" duration-ms="0" started-at="2017-07-13T20:33:54Z" finished-at="2017-07-13T20:33:54Z">
          <reporter-output>
          </reporter-output>
        </test-method> <!-- case2 -->
        <test-method status="SKIP" signature="beforeMethod()[pri:0, instance:com.qihoo.browser.test.main.PerformanceTest@57829d67]" name="beforeMethod" is-config="true" duration-ms="0" started-at="2017-07-13T20:33:54Z" finished-at="2017-07-13T20:33:54Z">
          <reporter-output>
          </reporter-output>
        </test-method> <!-- beforeMethod -->
        <test-method status="SKIP" signature="afterMethod()[pri:0, instance:com.qihoo.browser.test.main.PerformanceTest@57829d67]" name="afterMethod" is-config="true" duration-ms="0" started-at="2017-07-13T20:33:54Z" finished-at="2017-07-13T20:33:54Z">
          <reporter-output>
          </reporter-output>
        </test-method> <!-- afterMethod -->
        <test-method status="SKIP" signature="beforeMethod()[pri:0, instance:com.qihoo.browser.test.main.PerformanceTest@57829d67]" name="beforeMethod" is-config="true" duration-ms="0" started-at="2017-07-13T20:33:54Z" finished-at="2017-07-13T20:33:54Z">
          <reporter-output>
          </reporter-output>
        </test-method> <!-- beforeMethod -->
        <test-method status="SKIP" signature="afterMethod()[pri:0, instance:com.qihoo.browser.test.main.PerformanceTest@57829d67]" name="afterMethod" is-config="true" duration-ms="1" started-at="2017-07-13T20:33:54Z" finished-at="2017-07-13T20:33:54Z">
          <reporter-output>
          </reporter-output>
        </test-method> <!-- afterMethod -->
        <test-method status="SKIP" signature="case3()[pri:0, instance:com.qihoo.browser.test.main.PerformanceTest@57829d67]" name="case3" duration-ms="0" started-at="2017-07-13T20:33:54Z" finished-at="2017-07-13T20:33:54Z">
          <reporter-output>
          </reporter-output>
        </test-method> <!-- case3 -->
        <test-method status="SKIP" signature="case4()[pri:0, instance:com.qihoo.browser.test.main.PerformanceTest@57829d67]" name="case4" duration-ms="0" started-at="2017-07-13T20:33:54Z" finished-at="2017-07-13T20:33:54Z">
          <reporter-output>
          </reporter-output>
        </test-method> <!-- case4 -->
        <test-method status="SKIP" signature="beforeMethod()[pri:0, instance:com.qihoo.browser.test.main.PerformanceTest@57829d67]" name="beforeMethod" is-config="true" duration-ms="0" started-at="2017-07-13T20:33:54Z" finished-at="2017-07-13T20:33:54Z">
          <reporter-output>
          </reporter-output>
        </test-method> <!-- beforeMethod -->
        <test-method status="SKIP" signature="afterMethod()[pri:0, instance:com.qihoo.browser.test.main.PerformanceTest@57829d67]" name="afterMethod" is-config="true" duration-ms="0" started-at="2017-07-13T20:33:54Z" finished-at="2017-07-13T20:33:54Z">
          <reporter-output>
          </reporter-output>
        </test-method> <!-- afterMethod -->
        <test-method status="SKIP" signature="case5()[pri:0, instance:com.qihoo.browser.test.main.PerformanceTest@57829d67]" name="case5" duration-ms="1" started-at="2017-07-13T20:33:54Z" finished-at="2017-07-13T20:33:54Z">
          <reporter-output>
          </reporter-output>
        </test-method> <!-- case5 -->
        <test-method status="SKIP" signature="beforeMethod()[pri:0, instance:com.qihoo.browser.test.main.PerformanceTest@57829d67]" name="beforeMethod" is-config="true" duration-ms="0" started-at="2017-07-13T20:33:54Z" finished-at="2017-07-13T20:33:54Z">
          <reporter-output>
          </reporter-output>
        </test-method> <!-- beforeMethod -->
        <test-method status="SKIP" signature="afterMethod()[pri:0, instance:com.qihoo.browser.test.main.PerformanceTest@57829d67]" name="afterMethod" is-config="true" duration-ms="0" started-at="2017-07-13T20:33:54Z" finished-at="2017-07-13T20:33:54Z">
          <reporter-output>
          </reporter-output>
        </test-method> <!-- afterMethod -->
        <test-method status="SKIP" signature="beforeMethod()[pri:0, instance:com.qihoo.browser.test.main.PerformanceTest@57829d67]" name="beforeMethod" is-config="true" duration-ms="0" started-at="2017-07-13T20:33:54Z" finished-at="2017-07-13T20:33:54Z">
          <reporter-output>
          </reporter-output>
        </test-method> <!-- beforeMethod -->
        <test-method status="SKIP" signature="case6()[pri:0, instance:com.qihoo.browser.test.main.PerformanceTest@57829d67]" name="case6" duration-ms="1" started-at="2017-07-13T20:33:54Z" finished-at="2017-07-13T20:33:54Z">
          <reporter-output>
          </reporter-output>
        </test-method> <!-- case6 -->
        <test-method status="SKIP" signature="afterMethod()[pri:0, instance:com.qihoo.browser.test.main.PerformanceTest@57829d67]" name="afterMethod" is-config="true" duration-ms="0" started-at="2017-07-13T20:33:54Z" finished-at="2017-07-13T20:33:54Z">
          <reporter-output>
          </reporter-output>
        </test-method> <!-- afterMethod -->
        <test-method status="SKIP" signature="beforeMethod()[pri:0, instance:com.qihoo.browser.test.main.PerformanceTest@57829d67]" name="beforeMethod" is-config="true" duration-ms="0" started-at="2017-07-13T20:33:54Z" finished-at="2017-07-13T20:33:54Z">
          <reporter-output>
          </reporter-output>
        </test-method> <!-- beforeMethod -->
        <test-method status="SKIP" signature="afterMethod()[pri:0, instance:com.qihoo.browser.test.main.PerformanceTest@57829d67]" name="afterMethod" is-config="true" duration-ms="0" started-at="2017-07-13T20:33:54Z" finished-at="2017-07-13T20:33:54Z">
          <reporter-output>
          </reporter-output>
        </test-method> <!-- afterMethod -->
        <test-method status="SKIP" signature="case7()[pri:0, instance:com.qihoo.browser.test.main.PerformanceTest@57829d67]" name="case7" duration-ms="0" started-at="2017-07-13T20:33:54Z" finished-at="2017-07-13T20:33:54Z">
          <reporter-output>
          </reporter-output>
        </test-method> <!-- case7 -->
        <test-method status="SKIP" signature="beforeMethod()[pri:0, instance:com.qihoo.browser.test.main.PerformanceTest@57829d67]" name="beforeMethod" is-config="true" duration-ms="0" started-at="2017-07-13T20:33:54Z" finished-at="2017-07-13T20:33:54Z">
          <reporter-output>
          </reporter-output>
        </test-method> <!-- beforeMethod -->
        <test-method status="SKIP" signature="case8()[pri:0, instance:com.qihoo.browser.test.main.PerformanceTest@57829d67]" name="case8" duration-ms="0" started-at="2017-07-13T20:33:54Z" finished-at="2017-07-13T20:33:54Z">
          <reporter-output>
          </reporter-output>
        </test-method> <!-- case8 -->
        <test-method status="SKIP" signature="afterClass()[pri:0, instance:com.qihoo.browser.test.main.PerformanceTest@57829d67]" name="afterClass" is-config="true" duration-ms="0" started-at="2017-07-13T20:33:54Z" finished-at="2017-07-13T20:33:54Z">
          <reporter-output>
          </reporter-output>
        </test-method> <!-- afterClass -->
        <test-method status="SKIP" signature="afterMethod()[pri:0, instance:com.qihoo.browser.test.main.PerformanceTest@57829d67]" name="afterMethod" is-config="true" duration-ms="0" started-at="2017-07-13T20:33:54Z" finished-at="2017-07-13T20:33:54Z">
          <reporter-output>
          </reporter-output>
        </test-method> <!-- afterMethod -->
      </class> <!-- com.qihoo.browser.test.main.PerformanceTest -->
    </test> <!-- Default test -->
  </suite> <!-- Default suite -->
</testng-results>
